{"D:\\hacktiv8\\phase2\\week3\\ip-mspadilapadli-anonime\\backend\\app.js": {"path":"D:\\hacktiv8\\phase2\\week3\\ip-mspadilapadli-anonime\\backend\\app.js","statementMap":{"0":{"start":{"line":1,"column":0},"end":{"line":3,"column":1}},"1":{"start":{"line":2,"column":4},"end":{"line":2,"column":31}},"2":{"start":{"line":4,"column":16},"end":{"line":4,"column":34}},"3":{"start":{"line":5,"column":12},"end":{"line":5,"column":21}},"4":{"start":{"line":6,"column":13},"end":{"line":6,"column":37}},"5":{"start":{"line":8,"column":13},"end":{"line":8,"column":28}},"6":{"start":{"line":9,"column":0},"end":{"line":9,"column":16}},"7":{"start":{"line":11,"column":0},"end":{"line":11,"column":48}},"8":{"start":{"line":12,"column":0},"end":{"line":12,"column":24}},"9":{"start":{"line":14,"column":0},"end":{"line":14,"column":30}},"10":{"start":{"line":15,"column":0},"end":{"line":15,"column":47}},"11":{"start":{"line":17,"column":0},"end":{"line":19,"column":3}},"12":{"start":{"line":18,"column":4},"end":{"line":18,"column":57}},"13":{"start":{"line":21,"column":0},"end":{"line":21,"column":21}}},"fnMap":{"0":{"name":"(anonymous_0)","decl":{"start":{"line":17,"column":17},"end":{"line":17,"column":18}},"loc":{"start":{"line":17,"column":23},"end":{"line":19,"column":1}},"line":17}},"branchMap":{"0":{"loc":{"start":{"line":1,"column":0},"end":{"line":3,"column":1}},"type":"if","locations":[{"start":{"line":1,"column":0},"end":{"line":3,"column":1}},{"start":{},"end":{}}],"line":1},"1":{"loc":{"start":{"line":6,"column":13},"end":{"line":6,"column":37}},"type":"binary-expr","locations":[{"start":{"line":6,"column":13},"end":{"line":6,"column":29}},{"start":{"line":6,"column":33},"end":{"line":6,"column":37}}],"line":6}},"s":{"0":1,"1":1,"2":1,"3":1,"4":1,"5":1,"6":1,"7":1,"8":1,"9":1,"10":1,"11":1,"12":1,"13":1},"f":{"0":1},"b":{"0":[1,0],"1":[1,1]},"_coverageSchema":"1a1c01bbd47fc00a2c39e90264f33305004495a9","hash":"dce90b560510476c89c7f1de2cc16b9f7f4082f1"}
,"D:\\hacktiv8\\phase2\\week3\\ip-mspadilapadli-anonime\\backend\\controllers\\MangaController.js": {"path":"D:\\hacktiv8\\phase2\\week3\\ip-mspadilapadli-anonime\\backend\\controllers\\MangaController.js","statementMap":{"0":{"start":{"line":1,"column":27},"end":{"line":1,"column":47}},"1":{"start":{"line":2,"column":14},"end":{"line":2,"column":30}},"2":{"start":{"line":5,"column":8},"end":{"line":21,"column":9}},"3":{"start":{"line":6,"column":28},"end":{"line":13,"column":13}},"4":{"start":{"line":14,"column":29},"end":{"line":14,"column":57}},"5":{"start":{"line":16,"column":12},"end":{"line":16,"column":39}},"6":{"start":{"line":18,"column":12},"end":{"line":18,"column":31}},"7":{"start":{"line":19,"column":12},"end":{"line":19,"column":24}},"8":{"start":{"line":25,"column":8},"end":{"line":45,"column":9}},"9":{"start":{"line":26,"column":27},"end":{"line":26,"column":37}},"10":{"start":{"line":27,"column":28},"end":{"line":34,"column":13}},"11":{"start":{"line":35,"column":29},"end":{"line":35,"column":57}},"12":{"start":{"line":40,"column":12},"end":{"line":40,"column":50}},"13":{"start":{"line":40,"column":23},"end":{"line":40,"column":50}},"14":{"start":{"line":42,"column":12},"end":{"line":42,"column":39}},"15":{"start":{"line":44,"column":12},"end":{"line":44,"column":24}},"16":{"start":{"line":49,"column":8},"end":{"line":56,"column":9}},"17":{"start":{"line":50,"column":30},"end":{"line":50,"column":54}},"18":{"start":{"line":51,"column":12},"end":{"line":51,"column":44}},"19":{"start":{"line":53,"column":12},"end":{"line":53,"column":31}},"20":{"start":{"line":54,"column":12},"end":{"line":54,"column":24}},"21":{"start":{"line":60,"column":8},"end":{"line":107,"column":9}},"22":{"start":{"line":61,"column":32},"end":{"line":61,"column":42}},"23":{"start":{"line":62,"column":30},"end":{"line":64,"column":14}},"24":{"start":{"line":65,"column":12},"end":{"line":65,"column":50}},"25":{"start":{"line":66,"column":12},"end":{"line":66,"column":55}},"26":{"start":{"line":66,"column":27},"end":{"line":66,"column":55}},"27":{"start":{"line":75,"column":28},"end":{"line":82,"column":13}},"28":{"start":{"line":83,"column":29},"end":{"line":83,"column":57}},"29":{"start":{"line":84,"column":62},"end":{"line":84,"column":66}},"30":{"start":{"line":85,"column":24},"end":{"line":85,"column":45}},"31":{"start":{"line":86,"column":12},"end":{"line":86,"column":53}},"32":{"start":{"line":90,"column":12},"end":{"line":90,"column":50}},"33":{"start":{"line":90,"column":23},"end":{"line":90,"column":50}},"34":{"start":{"line":93,"column":24},"end":{"line":99,"column":14}},"35":{"start":{"line":100,"column":12},"end":{"line":103,"column":15}},"36":{"start":{"line":105,"column":12},"end":{"line":105,"column":31}},"37":{"start":{"line":106,"column":12},"end":{"line":106,"column":24}},"38":{"start":{"line":110,"column":8},"end":{"line":131,"column":9}},"39":{"start":{"line":111,"column":30},"end":{"line":111,"column":40}},"40":{"start":{"line":112,"column":12},"end":{"line":112,"column":46}},"41":{"start":{"line":113,"column":24},"end":{"line":113,"column":54}},"42":{"start":{"line":114,"column":12},"end":{"line":114,"column":49}},"43":{"start":{"line":114,"column":22},"end":{"line":114,"column":49}},"44":{"start":{"line":115,"column":12},"end":{"line":117,"column":15}},"45":{"start":{"line":119,"column":12},"end":{"line":121,"column":15}},"46":{"start":{"line":123,"column":12},"end":{"line":123,"column":31}},"47":{"start":{"line":124,"column":12},"end":{"line":124,"column":24}},"48":{"start":{"line":135,"column":0},"end":{"line":135,"column":33}}},"fnMap":{"0":{"name":"(anonymous_0)","decl":{"start":{"line":4,"column":4},"end":{"line":4,"column":5}},"loc":{"start":{"line":4,"column":43},"end":{"line":22,"column":5}},"line":4},"1":{"name":"(anonymous_1)","decl":{"start":{"line":24,"column":4},"end":{"line":24,"column":5}},"loc":{"start":{"line":24,"column":46},"end":{"line":46,"column":5}},"line":24},"2":{"name":"(anonymous_2)","decl":{"start":{"line":48,"column":4},"end":{"line":48,"column":5}},"loc":{"start":{"line":48,"column":50},"end":{"line":57,"column":5}},"line":48},"3":{"name":"(anonymous_3)","decl":{"start":{"line":59,"column":4},"end":{"line":59,"column":5}},"loc":{"start":{"line":59,"column":51},"end":{"line":108,"column":5}},"line":59},"4":{"name":"(anonymous_4)","decl":{"start":{"line":109,"column":4},"end":{"line":109,"column":5}},"loc":{"start":{"line":109,"column":53},"end":{"line":132,"column":5}},"line":109}},"branchMap":{"0":{"loc":{"start":{"line":40,"column":12},"end":{"line":40,"column":50}},"type":"if","locations":[{"start":{"line":40,"column":12},"end":{"line":40,"column":50}},{"start":{},"end":{}}],"line":40},"1":{"loc":{"start":{"line":66,"column":12},"end":{"line":66,"column":55}},"type":"if","locations":[{"start":{"line":66,"column":12},"end":{"line":66,"column":55}},{"start":{},"end":{}}],"line":66},"2":{"loc":{"start":{"line":90,"column":12},"end":{"line":90,"column":50}},"type":"if","locations":[{"start":{"line":90,"column":12},"end":{"line":90,"column":50}},{"start":{},"end":{}}],"line":90},"3":{"loc":{"start":{"line":114,"column":12},"end":{"line":114,"column":49}},"type":"if","locations":[{"start":{"line":114,"column":12},"end":{"line":114,"column":49}},{"start":{},"end":{}}],"line":114}},"s":{"0":1,"1":1,"2":0,"3":0,"4":0,"5":0,"6":0,"7":0,"8":0,"9":0,"10":0,"11":0,"12":0,"13":0,"14":0,"15":0,"16":1,"17":1,"18":1,"19":0,"20":0,"21":0,"22":0,"23":0,"24":0,"25":0,"26":0,"27":0,"28":0,"29":0,"30":0,"31":0,"32":0,"33":0,"34":0,"35":0,"36":0,"37":0,"38":1,"39":1,"40":1,"41":1,"42":0,"43":0,"44":0,"45":0,"46":1,"47":1,"48":1},"f":{"0":0,"1":0,"2":1,"3":0,"4":1},"b":{"0":[0,0],"1":[0,0],"2":[0,0],"3":[0,0]},"_coverageSchema":"1a1c01bbd47fc00a2c39e90264f33305004495a9","hash":"06527d026058c474f2b1a78ddf9dbc149006fb7e"}
,"D:\\hacktiv8\\phase2\\week3\\ip-mspadilapadli-anonime\\backend\\controllers\\UserController.js": {"path":"D:\\hacktiv8\\phase2\\week3\\ip-mspadilapadli-anonime\\backend\\controllers\\UserController.js","statementMap":{"0":{"start":{"line":1,"column":28},"end":{"line":1,"column":56}},"1":{"start":{"line":2,"column":24},"end":{"line":2,"column":49}},"2":{"start":{"line":3,"column":17},"end":{"line":3,"column":37}},"3":{"start":{"line":4,"column":21},"end":{"line":4,"column":51}},"4":{"start":{"line":5,"column":25},"end":{"line":5,"column":55}},"5":{"start":{"line":6,"column":15},"end":{"line":6,"column":33}},"6":{"start":{"line":10,"column":8},"end":{"line":21,"column":9}},"7":{"start":{"line":13,"column":23},"end":{"line":13,"column":50}},"8":{"start":{"line":16,"column":12},"end":{"line":16,"column":80}},"9":{"start":{"line":19,"column":12},"end":{"line":19,"column":36}},"10":{"start":{"line":20,"column":12},"end":{"line":20,"column":24}},"11":{"start":{"line":25,"column":8},"end":{"line":48,"column":9}},"12":{"start":{"line":26,"column":38},"end":{"line":26,"column":46}},"13":{"start":{"line":27,"column":12},"end":{"line":27,"column":45}},"14":{"start":{"line":28,"column":12},"end":{"line":28,"column":68}},"15":{"start":{"line":28,"column":37},"end":{"line":28,"column":68}},"16":{"start":{"line":30,"column":25},"end":{"line":32,"column":14}},"17":{"start":{"line":33,"column":12},"end":{"line":33,"column":53}},"18":{"start":{"line":33,"column":23},"end":{"line":33,"column":53}},"19":{"start":{"line":35,"column":32},"end":{"line":35,"column":72}},"20":{"start":{"line":36,"column":12},"end":{"line":36,"column":60}},"21":{"start":{"line":36,"column":30},"end":{"line":36,"column":60}},"22":{"start":{"line":39,"column":24},"end":{"line":39,"column":52}},"23":{"start":{"line":41,"column":12},"end":{"line":44,"column":15}},"24":{"start":{"line":46,"column":12},"end":{"line":46,"column":31}},"25":{"start":{"line":47,"column":12},"end":{"line":47,"column":24}},"26":{"start":{"line":51,"column":8},"end":{"line":86,"column":9}},"27":{"start":{"line":52,"column":37},"end":{"line":52,"column":48}},"28":{"start":{"line":54,"column":27},"end":{"line":60,"column":14}},"29":{"start":{"line":61,"column":28},"end":{"line":61,"column":47}},"30":{"start":{"line":64,"column":36},"end":{"line":70,"column":14}},"31":{"start":{"line":77,"column":26},"end":{"line":77,"column":54}},"32":{"start":{"line":79,"column":12},"end":{"line":82,"column":15}},"33":{"start":{"line":84,"column":12},"end":{"line":84,"column":31}},"34":{"start":{"line":85,"column":12},"end":{"line":85,"column":24}},"35":{"start":{"line":90,"column":8},"end":{"line":113,"column":9}},"36":{"start":{"line":91,"column":12},"end":{"line":91,"column":46}},"37":{"start":{"line":92,"column":45},"end":{"line":92,"column":53}},"38":{"start":{"line":94,"column":27},"end":{"line":94,"column":63}},"39":{"start":{"line":96,"column":27},"end":{"line":96,"column":37}},"40":{"start":{"line":97,"column":25},"end":{"line":97,"column":48}},"41":{"start":{"line":98,"column":12},"end":{"line":98,"column":50}},"42":{"start":{"line":98,"column":23},"end":{"line":98,"column":50}},"43":{"start":{"line":99,"column":12},"end":{"line":104,"column":14}},"44":{"start":{"line":106,"column":12},"end":{"line":108,"column":15}},"45":{"start":{"line":111,"column":12},"end":{"line":111,"column":24}},"46":{"start":{"line":117,"column":8},"end":{"line":131,"column":9}},"47":{"start":{"line":118,"column":12},"end":{"line":118,"column":44}},"48":{"start":{"line":121,"column":23},"end":{"line":123,"column":14}},"49":{"start":{"line":124,"column":12},"end":{"line":124,"column":50}},"50":{"start":{"line":124,"column":23},"end":{"line":124,"column":50}},"51":{"start":{"line":127,"column":12},"end":{"line":127,"column":39}},"52":{"start":{"line":129,"column":12},"end":{"line":129,"column":36}},"53":{"start":{"line":130,"column":12},"end":{"line":130,"column":24}},"54":{"start":{"line":172,"column":0},"end":{"line":172,"column":32}}},"fnMap":{"0":{"name":"(anonymous_0)","decl":{"start":{"line":9,"column":4},"end":{"line":9,"column":5}},"loc":{"start":{"line":9,"column":42},"end":{"line":22,"column":5}},"line":9},"1":{"name":"(anonymous_1)","decl":{"start":{"line":24,"column":4},"end":{"line":24,"column":5}},"loc":{"start":{"line":24,"column":39},"end":{"line":49,"column":5}},"line":24},"2":{"name":"(anonymous_2)","decl":{"start":{"line":50,"column":4},"end":{"line":50,"column":5}},"loc":{"start":{"line":50,"column":45},"end":{"line":87,"column":5}},"line":50},"3":{"name":"(anonymous_3)","decl":{"start":{"line":89,"column":4},"end":{"line":89,"column":5}},"loc":{"start":{"line":89,"column":47},"end":{"line":114,"column":5}},"line":89},"4":{"name":"(anonymous_4)","decl":{"start":{"line":116,"column":4},"end":{"line":116,"column":5}},"loc":{"start":{"line":116,"column":43},"end":{"line":132,"column":5}},"line":116}},"branchMap":{"0":{"loc":{"start":{"line":28,"column":12},"end":{"line":28,"column":68}},"type":"if","locations":[{"start":{"line":28,"column":12},"end":{"line":28,"column":68}},{"start":{},"end":{}}],"line":28},"1":{"loc":{"start":{"line":28,"column":16},"end":{"line":28,"column":35}},"type":"binary-expr","locations":[{"start":{"line":28,"column":16},"end":{"line":28,"column":22}},{"start":{"line":28,"column":26},"end":{"line":28,"column":35}}],"line":28},"2":{"loc":{"start":{"line":33,"column":12},"end":{"line":33,"column":53}},"type":"if","locations":[{"start":{"line":33,"column":12},"end":{"line":33,"column":53}},{"start":{},"end":{}}],"line":33},"3":{"loc":{"start":{"line":36,"column":12},"end":{"line":36,"column":60}},"type":"if","locations":[{"start":{"line":36,"column":12},"end":{"line":36,"column":60}},{"start":{},"end":{}}],"line":36},"4":{"loc":{"start":{"line":98,"column":12},"end":{"line":98,"column":50}},"type":"if","locations":[{"start":{"line":98,"column":12},"end":{"line":98,"column":50}},{"start":{},"end":{}}],"line":98},"5":{"loc":{"start":{"line":124,"column":12},"end":{"line":124,"column":50}},"type":"if","locations":[{"start":{"line":124,"column":12},"end":{"line":124,"column":50}},{"start":{},"end":{}}],"line":124}},"s":{"0":1,"1":1,"2":1,"3":1,"4":1,"5":1,"6":3,"7":3,"8":1,"9":2,"10":2,"11":5,"12":5,"13":5,"14":5,"15":2,"16":3,"17":3,"18":1,"19":2,"20":2,"21":1,"22":1,"23":1,"24":4,"25":4,"26":0,"27":0,"28":0,"29":0,"30":0,"31":0,"32":0,"33":0,"34":0,"35":0,"36":0,"37":0,"38":0,"39":0,"40":0,"41":0,"42":0,"43":0,"44":0,"45":0,"46":1,"47":1,"48":1,"49":1,"50":0,"51":1,"52":0,"53":0,"54":1},"f":{"0":3,"1":5,"2":0,"3":0,"4":1},"b":{"0":[2,3],"1":[5,4],"2":[1,2],"3":[1,1],"4":[0,0],"5":[0,1]},"_coverageSchema":"1a1c01bbd47fc00a2c39e90264f33305004495a9","hash":"6d56e50098c40ff968c82a8d5409c01d571688f1"}
,"D:\\hacktiv8\\phase2\\week3\\ip-mspadilapadli-anonime\\backend\\helpers\\bcrypt.js": {"path":"D:\\hacktiv8\\phase2\\week3\\ip-mspadilapadli-anonime\\backend\\helpers\\bcrypt.js","statementMap":{"0":{"start":{"line":1,"column":34},"end":{"line":1,"column":53}},"1":{"start":{"line":13,"column":0},"end":{"line":17,"column":2}},"2":{"start":{"line":14,"column":32},"end":{"line":14,"column":50}},"3":{"start":{"line":16,"column":8},"end":{"line":16,"column":46}}},"fnMap":{"0":{"name":"(anonymous_0)","decl":{"start":{"line":14,"column":18},"end":{"line":14,"column":19}},"loc":{"start":{"line":14,"column":32},"end":{"line":14,"column":50}},"line":14},"1":{"name":"(anonymous_1)","decl":{"start":{"line":15,"column":21},"end":{"line":15,"column":22}},"loc":{"start":{"line":16,"column":8},"end":{"line":16,"column":46}},"line":16}},"branchMap":{},"s":{"0":1,"1":1,"2":2,"3":2},"f":{"0":2,"1":2},"b":{},"_coverageSchema":"1a1c01bbd47fc00a2c39e90264f33305004495a9","hash":"e614d4120d1f74b4f1d347b8b9441d0309d714b6"}
,"D:\\hacktiv8\\phase2\\week3\\ip-mspadilapadli-anonime\\backend\\helpers\\imageKit.js": {"path":"D:\\hacktiv8\\phase2\\week3\\ip-mspadilapadli-anonime\\backend\\helpers\\imageKit.js","statementMap":{"0":{"start":{"line":1,"column":14},"end":{"line":1,"column":30}},"1":{"start":{"line":2,"column":17},"end":{"line":2,"column":37}},"2":{"start":{"line":5,"column":16},"end":{"line":5,"column":30}},"3":{"start":{"line":6,"column":4},"end":{"line":6,"column":52}},"4":{"start":{"line":7,"column":4},"end":{"line":7,"column":43}},"5":{"start":{"line":8,"column":16},"end":{"line":8,"column":55}},"6":{"start":{"line":9,"column":21},"end":{"line":9,"column":56}},"7":{"start":{"line":10,"column":4},"end":{"line":18,"column":7}},"8":{"start":{"line":21,"column":0},"end":{"line":21,"column":30}}},"fnMap":{"0":{"name":"imageKit","decl":{"start":{"line":4,"column":15},"end":{"line":4,"column":23}},"loc":{"start":{"line":4,"column":46},"end":{"line":19,"column":1}},"line":4}},"branchMap":{},"s":{"0":1,"1":1,"2":0,"3":0,"4":0,"5":0,"6":0,"7":0,"8":1},"f":{"0":0},"b":{},"_coverageSchema":"1a1c01bbd47fc00a2c39e90264f33305004495a9","hash":"5c8987f18ced450e9495e41f8133e5fc589184f2"}
,"D:\\hacktiv8\\phase2\\week3\\ip-mspadilapadli-anonime\\backend\\helpers\\jwt.js": {"path":"D:\\hacktiv8\\phase2\\week3\\ip-mspadilapadli-anonime\\backend\\helpers\\jwt.js","statementMap":{"0":{"start":{"line":1,"column":12},"end":{"line":1,"column":35}},"1":{"start":{"line":2,"column":15},"end":{"line":2,"column":37}},"2":{"start":{"line":4,"column":18},"end":{"line":7,"column":1}},"3":{"start":{"line":5,"column":16},"end":{"line":5,"column":41}},"4":{"start":{"line":6,"column":4},"end":{"line":6,"column":17}},"5":{"start":{"line":9,"column":18},"end":{"line":12,"column":1}},"6":{"start":{"line":10,"column":18},"end":{"line":10,"column":43}},"7":{"start":{"line":11,"column":4},"end":{"line":11,"column":19}},"8":{"start":{"line":14,"column":0},"end":{"line":14,"column":46}}},"fnMap":{"0":{"name":"(anonymous_0)","decl":{"start":{"line":4,"column":18},"end":{"line":4,"column":19}},"loc":{"start":{"line":4,"column":31},"end":{"line":7,"column":1}},"line":4},"1":{"name":"(anonymous_1)","decl":{"start":{"line":9,"column":18},"end":{"line":9,"column":19}},"loc":{"start":{"line":9,"column":29},"end":{"line":12,"column":1}},"line":9}},"branchMap":{},"s":{"0":1,"1":1,"2":1,"3":1,"4":1,"5":1,"6":3,"7":3,"8":1},"f":{"0":1,"1":3},"b":{},"_coverageSchema":"1a1c01bbd47fc00a2c39e90264f33305004495a9","hash":"b968467b30782b056691bd8a4a2b1db6f4628814"}
,"D:\\hacktiv8\\phase2\\week3\\ip-mspadilapadli-anonime\\backend\\middlewares\\authenticate.js": {"path":"D:\\hacktiv8\\phase2\\week3\\ip-mspadilapadli-anonime\\backend\\middlewares\\authenticate.js","statementMap":{"0":{"start":{"line":1,"column":24},"end":{"line":1,"column":49}},"1":{"start":{"line":2,"column":17},"end":{"line":2,"column":37}},"2":{"start":{"line":4,"column":23},"end":{"line":37,"column":1}},"3":{"start":{"line":5,"column":4},"end":{"line":36,"column":5}},"4":{"start":{"line":9,"column":23},"end":{"line":9,"column":48}},"5":{"start":{"line":10,"column":8},"end":{"line":10,"column":54}},"6":{"start":{"line":10,"column":23},"end":{"line":10,"column":54}},"7":{"start":{"line":13,"column":30},"end":{"line":13,"column":49}},"8":{"start":{"line":14,"column":8},"end":{"line":14,"column":64}},"9":{"start":{"line":14,"column":33},"end":{"line":14,"column":64}},"10":{"start":{"line":18,"column":22},"end":{"line":18,"column":40}},"11":{"start":{"line":22,"column":19},"end":{"line":22,"column":50}},"12":{"start":{"line":24,"column":8},"end":{"line":24,"column":50}},"13":{"start":{"line":24,"column":19},"end":{"line":24,"column":50}},"14":{"start":{"line":27,"column":8},"end":{"line":27,"column":52}},"15":{"start":{"line":29,"column":8},"end":{"line":29,"column":15}},"16":{"start":{"line":31,"column":8},"end":{"line":31,"column":20}},"17":{"start":{"line":38,"column":0},"end":{"line":38,"column":32}}},"fnMap":{"0":{"name":"(anonymous_0)","decl":{"start":{"line":4,"column":23},"end":{"line":4,"column":24}},"loc":{"start":{"line":4,"column":49},"end":{"line":37,"column":1}},"line":4}},"branchMap":{"0":{"loc":{"start":{"line":10,"column":8},"end":{"line":10,"column":54}},"type":"if","locations":[{"start":{"line":10,"column":8},"end":{"line":10,"column":54}},{"start":{},"end":{}}],"line":10},"1":{"loc":{"start":{"line":14,"column":8},"end":{"line":14,"column":64}},"type":"if","locations":[{"start":{"line":14,"column":8},"end":{"line":14,"column":64}},{"start":{},"end":{}}],"line":14},"2":{"loc":{"start":{"line":24,"column":8},"end":{"line":24,"column":50}},"type":"if","locations":[{"start":{"line":24,"column":8},"end":{"line":24,"column":50}},{"start":{},"end":{}}],"line":24}},"s":{"0":1,"1":1,"2":1,"3":3,"4":3,"5":3,"6":0,"7":3,"8":3,"9":0,"10":3,"11":3,"12":3,"13":0,"14":3,"15":3,"16":0,"17":1},"f":{"0":3},"b":{"0":[0,3],"1":[0,3],"2":[0,3]},"_coverageSchema":"1a1c01bbd47fc00a2c39e90264f33305004495a9","hash":"0c279320a1fdf96e281264ceb266637e332a079d"}
,"D:\\hacktiv8\\phase2\\week3\\ip-mspadilapadli-anonime\\backend\\middlewares\\errorHandler.js": {"path":"D:\\hacktiv8\\phase2\\week3\\ip-mspadilapadli-anonime\\backend\\middlewares\\errorHandler.js","statementMap":{"0":{"start":{"line":2,"column":17},"end":{"line":2,"column":29}},"1":{"start":{"line":3,"column":18},"end":{"line":3,"column":31}},"2":{"start":{"line":4,"column":4},"end":{"line":42,"column":5}},"3":{"start":{"line":6,"column":12},"end":{"line":6,"column":25}},"4":{"start":{"line":7,"column":12},"end":{"line":7,"column":54}},"5":{"start":{"line":8,"column":12},"end":{"line":8,"column":18}},"6":{"start":{"line":10,"column":12},"end":{"line":10,"column":25}},"7":{"start":{"line":11,"column":12},"end":{"line":11,"column":50}},"8":{"start":{"line":12,"column":12},"end":{"line":12,"column":18}},"9":{"start":{"line":14,"column":12},"end":{"line":14,"column":25}},"10":{"start":{"line":15,"column":12},"end":{"line":15,"column":39}},"11":{"start":{"line":16,"column":12},"end":{"line":16,"column":18}},"12":{"start":{"line":18,"column":12},"end":{"line":18,"column":25}},"13":{"start":{"line":19,"column":12},"end":{"line":19,"column":48}},"14":{"start":{"line":20,"column":12},"end":{"line":20,"column":18}},"15":{"start":{"line":22,"column":12},"end":{"line":22,"column":25}},"16":{"start":{"line":23,"column":12},"end":{"line":23,"column":40}},"17":{"start":{"line":24,"column":12},"end":{"line":24,"column":18}},"18":{"start":{"line":26,"column":12},"end":{"line":26,"column":25}},"19":{"start":{"line":27,"column":12},"end":{"line":27,"column":57}},"20":{"start":{"line":27,"column":46},"end":{"line":27,"column":55}},"21":{"start":{"line":28,"column":12},"end":{"line":28,"column":18}},"22":{"start":{"line":30,"column":12},"end":{"line":30,"column":25}},"23":{"start":{"line":31,"column":12},"end":{"line":31,"column":57}},"24":{"start":{"line":31,"column":46},"end":{"line":31,"column":55}},"25":{"start":{"line":32,"column":12},"end":{"line":32,"column":18}},"26":{"start":{"line":34,"column":12},"end":{"line":34,"column":25}},"27":{"start":{"line":35,"column":12},"end":{"line":35,"column":39}},"28":{"start":{"line":36,"column":12},"end":{"line":36,"column":18}},"29":{"start":{"line":39,"column":12},"end":{"line":39,"column":25}},"30":{"start":{"line":40,"column":12},"end":{"line":40,"column":46}},"31":{"start":{"line":41,"column":12},"end":{"line":41,"column":18}},"32":{"start":{"line":43,"column":4},"end":{"line":45,"column":7}},"33":{"start":{"line":56,"column":0},"end":{"line":56,"column":30}}},"fnMap":{"0":{"name":"errorHandler","decl":{"start":{"line":1,"column":9},"end":{"line":1,"column":21}},"loc":{"start":{"line":1,"column":45},"end":{"line":54,"column":1}},"line":1},"1":{"name":"(anonymous_1)","decl":{"start":{"line":27,"column":39},"end":{"line":27,"column":40}},"loc":{"start":{"line":27,"column":46},"end":{"line":27,"column":55}},"line":27},"2":{"name":"(anonymous_2)","decl":{"start":{"line":31,"column":39},"end":{"line":31,"column":40}},"loc":{"start":{"line":31,"column":46},"end":{"line":31,"column":55}},"line":31}},"branchMap":{"0":{"loc":{"start":{"line":4,"column":4},"end":{"line":42,"column":5}},"type":"switch","locations":[{"start":{"line":5,"column":8},"end":{"line":8,"column":18}},{"start":{"line":9,"column":8},"end":{"line":12,"column":18}},{"start":{"line":13,"column":8},"end":{"line":16,"column":18}},{"start":{"line":17,"column":8},"end":{"line":20,"column":18}},{"start":{"line":21,"column":8},"end":{"line":24,"column":18}},{"start":{"line":25,"column":8},"end":{"line":28,"column":18}},{"start":{"line":29,"column":8},"end":{"line":32,"column":18}},{"start":{"line":33,"column":8},"end":{"line":36,"column":18}},{"start":{"line":38,"column":8},"end":{"line":41,"column":18}}],"line":4}},"s":{"0":7,"1":7,"2":7,"3":2,"4":2,"5":2,"6":2,"7":2,"8":2,"9":0,"10":0,"11":0,"12":0,"13":0,"14":0,"15":0,"16":0,"17":0,"18":2,"19":2,"20":2,"21":2,"22":0,"23":0,"24":0,"25":0,"26":0,"27":0,"28":0,"29":1,"30":1,"31":1,"32":7,"33":1},"f":{"0":7,"1":2,"2":0},"b":{"0":[2,2,0,0,0,2,0,0,1]},"_coverageSchema":"1a1c01bbd47fc00a2c39e90264f33305004495a9","hash":"c544f41e39dffe949aca1898fae0063bb4fa9aef"}
,"D:\\hacktiv8\\phase2\\week3\\ip-mspadilapadli-anonime\\backend\\models\\favorite.js": {"path":"D:\\hacktiv8\\phase2\\week3\\ip-mspadilapadli-anonime\\backend\\models\\favorite.js","statementMap":{"0":{"start":{"line":2,"column":18},"end":{"line":2,"column":38}},"1":{"start":{"line":3,"column":0},"end":{"line":34,"column":2}},"2":{"start":{"line":17,"column":12},"end":{"line":17,"column":44}},"3":{"start":{"line":20,"column":4},"end":{"line":32,"column":6}},"4":{"start":{"line":33,"column":4},"end":{"line":33,"column":20}}},"fnMap":{"0":{"name":"(anonymous_0)","decl":{"start":{"line":3,"column":17},"end":{"line":3,"column":18}},"loc":{"start":{"line":3,"column":43},"end":{"line":34,"column":1}},"line":3},"1":{"name":"(anonymous_1)","decl":{"start":{"line":15,"column":8},"end":{"line":15,"column":9}},"loc":{"start":{"line":15,"column":33},"end":{"line":18,"column":9}},"line":15}},"branchMap":{},"s":{"0":1,"1":1,"2":1,"3":1,"4":1},"f":{"0":1,"1":1},"b":{},"_coverageSchema":"1a1c01bbd47fc00a2c39e90264f33305004495a9","hash":"3e0da9b195f53c2cbfb5dd1c9779d87d3bc2dd94"}
,"D:\\hacktiv8\\phase2\\week3\\ip-mspadilapadli-anonime\\backend\\models\\index.js": {"path":"D:\\hacktiv8\\phase2\\week3\\ip-mspadilapadli-anonime\\backend\\models\\index.js","statementMap":{"0":{"start":{"line":3,"column":11},"end":{"line":3,"column":24}},"1":{"start":{"line":4,"column":13},"end":{"line":4,"column":28}},"2":{"start":{"line":5,"column":18},"end":{"line":5,"column":38}},"3":{"start":{"line":6,"column":16},"end":{"line":6,"column":34}},"4":{"start":{"line":7,"column":17},"end":{"line":7,"column":42}},"5":{"start":{"line":8,"column":12},"end":{"line":8,"column":49}},"6":{"start":{"line":9,"column":15},"end":{"line":9,"column":65}},"7":{"start":{"line":10,"column":11},"end":{"line":10,"column":13}},"8":{"start":{"line":13,"column":0},"end":{"line":17,"column":1}},"9":{"start":{"line":14,"column":2},"end":{"line":14,"column":74}},"10":{"start":{"line":16,"column":2},"end":{"line":16,"column":87}},"11":{"start":{"line":19,"column":0},"end":{"line":32,"column":5}},"12":{"start":{"line":22,"column":4},"end":{"line":27,"column":6}},"13":{"start":{"line":30,"column":18},"end":{"line":30,"column":85}},"14":{"start":{"line":31,"column":4},"end":{"line":31,"column":27}},"15":{"start":{"line":34,"column":0},"end":{"line":38,"column":3}},"16":{"start":{"line":35,"column":2},"end":{"line":37,"column":3}},"17":{"start":{"line":36,"column":4},"end":{"line":36,"column":32}},"18":{"start":{"line":40,"column":0},"end":{"line":40,"column":25}},"19":{"start":{"line":41,"column":0},"end":{"line":41,"column":25}},"20":{"start":{"line":43,"column":0},"end":{"line":43,"column":20}}},"fnMap":{"0":{"name":"(anonymous_0)","decl":{"start":{"line":21,"column":10},"end":{"line":21,"column":11}},"loc":{"start":{"line":21,"column":18},"end":{"line":28,"column":3}},"line":21},"1":{"name":"(anonymous_1)","decl":{"start":{"line":29,"column":11},"end":{"line":29,"column":12}},"loc":{"start":{"line":29,"column":19},"end":{"line":32,"column":3}},"line":29},"2":{"name":"(anonymous_2)","decl":{"start":{"line":34,"column":24},"end":{"line":34,"column":25}},"loc":{"start":{"line":34,"column":37},"end":{"line":38,"column":1}},"line":34}},"branchMap":{"0":{"loc":{"start":{"line":8,"column":12},"end":{"line":8,"column":49}},"type":"binary-expr","locations":[{"start":{"line":8,"column":12},"end":{"line":8,"column":32}},{"start":{"line":8,"column":36},"end":{"line":8,"column":49}}],"line":8},"1":{"loc":{"start":{"line":13,"column":0},"end":{"line":17,"column":1}},"type":"if","locations":[{"start":{"line":13,"column":0},"end":{"line":17,"column":1}},{"start":{"line":15,"column":7},"end":{"line":17,"column":1}}],"line":13},"2":{"loc":{"start":{"line":23,"column":6},"end":{"line":26,"column":37}},"type":"binary-expr","locations":[{"start":{"line":23,"column":6},"end":{"line":23,"column":29}},{"start":{"line":24,"column":6},"end":{"line":24,"column":23}},{"start":{"line":25,"column":6},"end":{"line":25,"column":30}},{"start":{"line":26,"column":6},"end":{"line":26,"column":37}}],"line":23},"3":{"loc":{"start":{"line":35,"column":2},"end":{"line":37,"column":3}},"type":"if","locations":[{"start":{"line":35,"column":2},"end":{"line":37,"column":3}},{"start":{},"end":{}}],"line":35}},"s":{"0":1,"1":1,"2":1,"3":1,"4":1,"5":1,"6":1,"7":1,"8":1,"9":0,"10":1,"11":1,"12":3,"13":2,"14":2,"15":1,"16":2,"17":2,"18":1,"19":1,"20":1},"f":{"0":3,"1":2,"2":2},"b":{"0":[1,0],"1":[0,1],"2":[3,3,2,2],"3":[2,0]},"_coverageSchema":"1a1c01bbd47fc00a2c39e90264f33305004495a9","hash":"d29d888bae9d01a916273b5bb7b9d729c2175a15"}
,"D:\\hacktiv8\\phase2\\week3\\ip-mspadilapadli-anonime\\backend\\models\\user.js": {"path":"D:\\hacktiv8\\phase2\\week3\\ip-mspadilapadli-anonime\\backend\\models\\user.js","statementMap":{"0":{"start":{"line":2,"column":18},"end":{"line":2,"column":38}},"1":{"start":{"line":3,"column":25},"end":{"line":3,"column":53}},"2":{"start":{"line":5,"column":0},"end":{"line":70,"column":2}},"3":{"start":{"line":14,"column":12},"end":{"line":14,"column":42}},"4":{"start":{"line":17,"column":4},"end":{"line":68,"column":6}},"5":{"start":{"line":64,"column":20},"end":{"line":64,"column":64}},"6":{"start":{"line":69,"column":4},"end":{"line":69,"column":16}}},"fnMap":{"0":{"name":"(anonymous_0)","decl":{"start":{"line":5,"column":17},"end":{"line":5,"column":18}},"loc":{"start":{"line":5,"column":43},"end":{"line":70,"column":1}},"line":5},"1":{"name":"(anonymous_1)","decl":{"start":{"line":12,"column":8},"end":{"line":12,"column":9}},"loc":{"start":{"line":12,"column":33},"end":{"line":15,"column":9}},"line":12},"2":{"name":"(anonymous_2)","decl":{"start":{"line":62,"column":16},"end":{"line":62,"column":17}},"loc":{"start":{"line":62,"column":43},"end":{"line":65,"column":17}},"line":62}},"branchMap":{},"s":{"0":1,"1":1,"2":1,"3":1,"4":1,"5":2,"6":1},"f":{"0":1,"1":1,"2":2},"b":{},"_coverageSchema":"1a1c01bbd47fc00a2c39e90264f33305004495a9","hash":"88275193e005666af875e124a6bdc0545c4dfca1"}
,"D:\\hacktiv8\\phase2\\week3\\ip-mspadilapadli-anonime\\backend\\routers\\index.js": {"path":"D:\\hacktiv8\\phase2\\week3\\ip-mspadilapadli-anonime\\backend\\routers\\index.js","statementMap":{"0":{"start":{"line":1,"column":16},"end":{"line":1,"column":34}},"1":{"start":{"line":2,"column":15},"end":{"line":2,"column":31}},"2":{"start":{"line":4,"column":0},"end":{"line":4,"column":45}},"3":{"start":{"line":5,"column":0},"end":{"line":5,"column":47}},"4":{"start":{"line":7,"column":0},"end":{"line":7,"column":24}}},"fnMap":{},"branchMap":{},"s":{"0":1,"1":1,"2":1,"3":1,"4":1},"f":{},"b":{},"_coverageSchema":"1a1c01bbd47fc00a2c39e90264f33305004495a9","hash":"6686be25f0c39e9db4569aa269208deb12a52522"}
,"D:\\hacktiv8\\phase2\\week3\\ip-mspadilapadli-anonime\\backend\\routers\\mangaRoute.js": {"path":"D:\\hacktiv8\\phase2\\week3\\ip-mspadilapadli-anonime\\backend\\routers\\mangaRoute.js","statementMap":{"0":{"start":{"line":1,"column":16},"end":{"line":1,"column":34}},"1":{"start":{"line":2,"column":24},"end":{"line":2,"column":65}},"2":{"start":{"line":3,"column":23},"end":{"line":3,"column":61}},"3":{"start":{"line":4,"column":15},"end":{"line":4,"column":31}},"4":{"start":{"line":9,"column":0},"end":{"line":9,"column":43}},"5":{"start":{"line":10,"column":0},"end":{"line":10,"column":27}},"6":{"start":{"line":12,"column":0},"end":{"line":12,"column":58}},"7":{"start":{"line":13,"column":0},"end":{"line":13,"column":69}},"8":{"start":{"line":14,"column":0},"end":{"line":14,"column":71}},"9":{"start":{"line":16,"column":0},"end":{"line":16,"column":49}},"10":{"start":{"line":26,"column":0},"end":{"line":26,"column":24}}},"fnMap":{},"branchMap":{},"s":{"0":1,"1":1,"2":1,"3":1,"4":1,"5":1,"6":1,"7":1,"8":1,"9":1,"10":1},"f":{},"b":{},"_coverageSchema":"1a1c01bbd47fc00a2c39e90264f33305004495a9","hash":"48d77702bf1ff90437e91764f9a5a7ea795404ea"}
,"D:\\hacktiv8\\phase2\\week3\\ip-mspadilapadli-anonime\\backend\\routers\\userRoute.js": {"path":"D:\\hacktiv8\\phase2\\week3\\ip-mspadilapadli-anonime\\backend\\routers\\userRoute.js","statementMap":{"0":{"start":{"line":1,"column":16},"end":{"line":1,"column":34}},"1":{"start":{"line":2,"column":23},"end":{"line":2,"column":63}},"2":{"start":{"line":3,"column":15},"end":{"line":3,"column":31}},"3":{"start":{"line":4,"column":15},"end":{"line":4,"column":32}},"4":{"start":{"line":5,"column":16},"end":{"line":5,"column":38}},"5":{"start":{"line":6,"column":15},"end":{"line":6,"column":43}},"6":{"start":{"line":7,"column":23},"end":{"line":7,"column":61}},"7":{"start":{"line":9,"column":0},"end":{"line":9,"column":57}},"8":{"start":{"line":10,"column":0},"end":{"line":10,"column":44}},"9":{"start":{"line":12,"column":0},"end":{"line":12,"column":50}},"10":{"start":{"line":14,"column":0},"end":{"line":14,"column":27}},"11":{"start":{"line":15,"column":0},"end":{"line":15,"column":42}},"12":{"start":{"line":16,"column":0},"end":{"line":20,"column":2}},"13":{"start":{"line":27,"column":0},"end":{"line":27,"column":24}}},"fnMap":{},"branchMap":{},"s":{"0":1,"1":1,"2":1,"3":1,"4":1,"5":1,"6":1,"7":1,"8":1,"9":1,"10":1,"11":1,"12":1,"13":1},"f":{},"b":{},"_coverageSchema":"1a1c01bbd47fc00a2c39e90264f33305004495a9","hash":"45f93064b95b0654cf4102e9539678151e436f20"}
}
