TN:
SF:app.js
FN:17,(anonymous_0)
FNF:1
FNH:1
FNDA:1,(anonymous_0)
DA:1,1
DA:2,1
DA:4,1
DA:5,1
DA:6,1
DA:8,1
DA:9,1
DA:11,1
DA:12,1
DA:14,1
DA:15,1
DA:17,1
DA:18,1
DA:21,1
LF:14
LH:14
BRDA:1,0,0,1
BRDA:1,0,1,0
BRDA:6,1,0,1
BRDA:6,1,1,1
BRF:4
BRH:3
end_of_record
TN:
SF:controllers\MangaController.js
FN:4,(anonymous_0)
FN:24,(anonymous_1)
FN:48,(anonymous_2)
FN:59,(anonymous_3)
FN:109,(anonymous_4)
FNF:5
FNH:2
FNDA:0,(anonymous_0)
FNDA:0,(anonymous_1)
FNDA:1,(anonymous_2)
FNDA:0,(anonymous_3)
FNDA:1,(anonymous_4)
DA:1,1
DA:2,1
DA:5,0
DA:6,0
DA:14,0
DA:16,0
DA:18,0
DA:19,0
DA:25,0
DA:26,0
DA:27,0
DA:35,0
DA:40,0
DA:42,0
DA:44,0
DA:49,1
DA:50,1
DA:51,1
DA:53,0
DA:54,0
DA:60,0
DA:61,0
DA:62,0
DA:65,0
DA:66,0
DA:75,0
DA:83,0
DA:84,0
DA:85,0
DA:86,0
DA:90,0
DA:93,0
DA:100,0
DA:105,0
DA:106,0
DA:110,1
DA:111,1
DA:112,1
DA:113,1
DA:114,0
DA:115,0
DA:119,0
DA:123,1
DA:124,1
DA:135,1
LF:45
LH:12
BRDA:40,0,0,0
BRDA:40,0,1,0
BRDA:66,1,0,0
BRDA:66,1,1,0
BRDA:90,2,0,0
BRDA:90,2,1,0
BRDA:114,3,0,0
BRDA:114,3,1,0
BRF:8
BRH:0
end_of_record
TN:
SF:controllers\UserController.js
FN:9,(anonymous_0)
FN:24,(anonymous_1)
FN:50,(anonymous_2)
FN:89,(anonymous_3)
FN:116,(anonymous_4)
FNF:5
FNH:3
FNDA:3,(anonymous_0)
FNDA:5,(anonymous_1)
FNDA:0,(anonymous_2)
FNDA:0,(anonymous_3)
FNDA:1,(anonymous_4)
DA:1,1
DA:2,1
DA:3,1
DA:4,1
DA:5,1
DA:6,1
DA:10,3
DA:13,3
DA:16,1
DA:19,2
DA:20,2
DA:25,5
DA:26,5
DA:27,5
DA:28,5
DA:30,3
DA:33,3
DA:35,2
DA:36,2
DA:39,1
DA:41,1
DA:46,4
DA:47,4
DA:51,0
DA:52,0
DA:54,0
DA:61,0
DA:64,0
DA:77,0
DA:79,0
DA:84,0
DA:85,0
DA:90,0
DA:91,0
DA:92,0
DA:94,0
DA:96,0
DA:97,0
DA:98,0
DA:99,0
DA:106,0
DA:111,0
DA:117,1
DA:118,1
DA:121,1
DA:124,1
DA:127,1
DA:129,0
DA:130,0
DA:172,1
LF:50
LH:29
BRDA:28,0,0,2
BRDA:28,0,1,3
BRDA:28,1,0,5
BRDA:28,1,1,4
BRDA:33,2,0,1
BRDA:33,2,1,2
BRDA:36,3,0,1
BRDA:36,3,1,1
BRDA:98,4,0,0
BRDA:98,4,1,0
BRDA:124,5,0,0
BRDA:124,5,1,1
BRF:12
BRH:9
end_of_record
TN:
SF:helpers\bcrypt.js
FN:14,(anonymous_0)
FN:15,(anonymous_1)
FNF:2
FNH:2
FNDA:2,(anonymous_0)
FNDA:2,(anonymous_1)
DA:1,1
DA:13,1
DA:14,2
DA:16,2
LF:4
LH:4
BRF:0
BRH:0
end_of_record
TN:
SF:helpers\imageKit.js
FN:4,imageKit
FNF:1
FNH:0
FNDA:0,imageKit
DA:1,1
DA:2,1
DA:5,0
DA:6,0
DA:7,0
DA:8,0
DA:9,0
DA:10,0
DA:21,1
LF:9
LH:3
BRF:0
BRH:0
end_of_record
TN:
SF:helpers\jwt.js
FN:4,(anonymous_0)
FN:9,(anonymous_1)
FNF:2
FNH:2
FNDA:1,(anonymous_0)
FNDA:3,(anonymous_1)
DA:1,1
DA:2,1
DA:4,1
DA:5,1
DA:6,1
DA:9,1
DA:10,3
DA:11,3
DA:14,1
LF:9
LH:9
BRF:0
BRH:0
end_of_record
TN:
SF:middlewares\authenticate.js
FN:4,(anonymous_0)
FNF:1
FNH:1
FNDA:3,(anonymous_0)
DA:1,1
DA:2,1
DA:4,1
DA:5,3
DA:9,3
DA:10,3
DA:13,3
DA:14,3
DA:18,3
DA:22,3
DA:24,3
DA:27,3
DA:29,3
DA:31,0
DA:38,1
LF:15
LH:14
BRDA:10,0,0,0
BRDA:10,0,1,3
BRDA:14,1,0,0
BRDA:14,1,1,3
BRDA:24,2,0,0
BRDA:24,2,1,3
BRF:6
BRH:3
end_of_record
TN:
SF:middlewares\errorHandler.js
FN:1,errorHandler
FN:27,(anonymous_1)
FN:31,(anonymous_2)
FNF:3
FNH:2
FNDA:7,errorHandler
FNDA:2,(anonymous_1)
FNDA:0,(anonymous_2)
DA:2,7
DA:3,7
DA:4,7
DA:6,2
DA:7,2
DA:8,2
DA:10,2
DA:11,2
DA:12,2
DA:14,0
DA:15,0
DA:16,0
DA:18,0
DA:19,0
DA:20,0
DA:22,0
DA:23,0
DA:24,0
DA:26,2
DA:27,2
DA:28,2
DA:30,0
DA:31,0
DA:32,0
DA:34,0
DA:35,0
DA:36,0
DA:39,1
DA:40,1
DA:41,1
DA:43,7
DA:56,1
LF:32
LH:17
BRDA:4,0,0,2
BRDA:4,0,1,2
BRDA:4,0,2,0
BRDA:4,0,3,0
BRDA:4,0,4,0
BRDA:4,0,5,2
BRDA:4,0,6,0
BRDA:4,0,7,0
BRDA:4,0,8,1
BRF:9
BRH:4
end_of_record
TN:
SF:models\favorite.js
FN:3,(anonymous_0)
FN:15,(anonymous_1)
FNF:2
FNH:2
FNDA:1,(anonymous_0)
FNDA:1,(anonymous_1)
DA:2,1
DA:3,1
DA:17,1
DA:20,1
DA:33,1
LF:5
LH:5
BRF:0
BRH:0
end_of_record
TN:
SF:models\index.js
FN:21,(anonymous_0)
FN:29,(anonymous_1)
FN:34,(anonymous_2)
FNF:3
FNH:3
FNDA:3,(anonymous_0)
FNDA:2,(anonymous_1)
FNDA:2,(anonymous_2)
DA:3,1
DA:4,1
DA:5,1
DA:6,1
DA:7,1
DA:8,1
DA:9,1
DA:10,1
DA:13,1
DA:14,0
DA:16,1
DA:19,1
DA:22,3
DA:30,2
DA:31,2
DA:34,1
DA:35,2
DA:36,2
DA:40,1
DA:41,1
DA:43,1
LF:21
LH:20
BRDA:8,0,0,1
BRDA:8,0,1,0
BRDA:13,1,0,0
BRDA:13,1,1,1
BRDA:23,2,0,3
BRDA:23,2,1,3
BRDA:23,2,2,2
BRDA:23,2,3,2
BRDA:35,3,0,2
BRDA:35,3,1,0
BRF:10
BRH:7
end_of_record
TN:
SF:models\user.js
FN:5,(anonymous_0)
FN:12,(anonymous_1)
FN:62,(anonymous_2)
FNF:3
FNH:3
FNDA:1,(anonymous_0)
FNDA:1,(anonymous_1)
FNDA:2,(anonymous_2)
DA:2,1
DA:3,1
DA:5,1
DA:14,1
DA:17,1
DA:64,2
DA:69,1
LF:7
LH:7
BRF:0
BRH:0
end_of_record
TN:
SF:routers\index.js
FNF:0
FNH:0
DA:1,1
DA:2,1
DA:4,1
DA:5,1
DA:7,1
LF:5
LH:5
BRF:0
BRH:0
end_of_record
TN:
SF:routers\mangaRoute.js
FNF:0
FNH:0
DA:1,1
DA:2,1
DA:3,1
DA:4,1
DA:9,1
DA:10,1
DA:12,1
DA:13,1
DA:14,1
DA:16,1
DA:26,1
LF:11
LH:11
BRF:0
BRH:0
end_of_record
TN:
SF:routers\userRoute.js
FNF:0
FNH:0
DA:1,1
DA:2,1
DA:3,1
DA:4,1
DA:5,1
DA:6,1
DA:7,1
DA:9,1
DA:10,1
DA:12,1
DA:14,1
DA:15,1
DA:16,1
DA:27,1
LF:14
LH:14
BRF:0
BRH:0
end_of_record
